<?xml version="1.0" encoding="UTF-8"?>
<!-- Generated by org.testng.reporters.JUnitXMLReporter -->
<testsuite ignored="0" hostname="DESKTOP-D8S23VE" failures="0" tests="2" name="Default test" time="2.476" errors="0" timestamp="2026-01-20T14:56:11 MSK">
  <testcase classname="com.example.ui.tests.EmployeeUiTest" name="testApplicationOpens" time="1.482"/>
  <testcase classname="com.example.ui.tests.EmployeeUiTest" name="testCanCreateEmployeeViaUi" time="0.971"/>
</testsuite> <!-- Default test -->
