<?xml version="1.0" encoding="UTF-8"?>
<!-- Generated by org.testng.reporters.JUnitXMLReporter -->
<testsuite ignored="2" hostname="DESKTOP-D8S23VE" failures="0" tests="1" name="Default test" time="56.51" errors="0" timestamp="2026-01-20T17:52:43 MSK">
  <testcase classname="com.example.ui.tests.EmployeeUiTest" name="testNavigationMenu" time="56.488"/>
  <testcase classname="com.example.ui.tests.EmployeeUiTest" name="testCanCreateEmployeeViaUi" time="0.0">
    <ignored/>
  </testcase> <!-- testCanCreateEmployeeViaUi -->
  <testcase classname="com.example.ui.tests.EmployeeUiTest" name="testApplicationOpens" time="0.0">
    <ignored/>
  </testcase> <!-- testApplicationOpens -->
</testsuite> <!-- Default test -->
