<?xml version="1.0" encoding="UTF-8"?>
<!-- Generated by org.testng.reporters.JUnitReportReporter -->
<testsuite hostname="DESKTOP-D8S23VE" failures="0" tests="2" name="com.example.ui.tests.EmployeeUiTest" time="2.453" errors="0" timestamp="2026-01-20T14:56:11 MSK" skipped="0">
  <testcase classname="com.example.ui.tests.EmployeeUiTest" name="testApplicationOpens" time="1.482"/>
  <system-out/>
  <testcase classname="com.example.ui.tests.EmployeeUiTest" name="testCanCreateEmployeeViaUi" time="0.971"/>
  <system-out/>
</testsuite> <!-- com.example.ui.tests.EmployeeUiTest -->
