<?xml version="1.0" encoding="UTF-8"?>
<!-- Generated by org.testng.reporters.JUnitReportReporter -->
<testsuite hostname="DESKTOP-D8S23VE" failures="0" tests="2" name="com.example.api.tests.EmployeeApiTest" time="1.348" errors="0" timestamp="2026-01-20T17:25:29 MSK" skipped="0">
  <testcase classname="com.example.api.tests.EmployeeApiTest" name="testCannotCreateEmployeeWithoutEmail" time="0.315"/>
  <system-out/>
  <testcase classname="com.example.api.tests.EmployeeApiTest" name="testCanCreateEmployee" time="1.033"/>
  <system-out/>
</testsuite> <!-- com.example.api.tests.EmployeeApiTest -->
