<?xml version="1.0" encoding="UTF-8"?>
<testng-results ignored="2" total="3" passed="1" failed="0" skipped="0">
  <reporter-output>
  </reporter-output>
  <suite started-at="2026-01-20T17:51:46 MSK" name="Default suite" finished-at="2026-01-20T17:52:43 MSK" duration-ms="56510">
    <groups>
    </groups>
    <test started-at="2026-01-20T17:51:46 MSK" name="Default test" finished-at="2026-01-20T17:52:43 MSK" duration-ms="56510">
      <class name="com.example.ui.tests.EmployeeUiTest">
        <test-method is-config="true" signature="setUp()[pri:0, instance:com.example.ui.tests.EmployeeUiTest@59e2d8e3]" started-at="2026-01-20T17:51:46 MSK" name="setUp" finished-at="2026-01-20T17:51:46 MSK" duration-ms="6" status="PASS">
          <reporter-output>
          </reporter-output>
        </test-method> <!-- setUp -->
        <test-method signature="testNavigationMenu()[pri:0, instance:com.example.ui.tests.EmployeeUiTest@59e2d8e3]" started-at="2026-01-20T17:51:46 MSK" name="testNavigationMenu" finished-at="2026-01-20T17:52:43 MSK" duration-ms="56488" status="PASS">
          <reporter-output>
          </reporter-output>
        </test-method> <!-- testNavigationMenu -->
      </class> <!-- com.example.ui.tests.EmployeeUiTest -->
    </test> <!-- Default test -->
  </suite> <!-- Default suite -->
</testng-results>
