<?xml version="1.0" encoding="UTF-8"?>
<testng-results ignored="0" total="2" passed="2" failed="0" skipped="0">
  <reporter-output>
  </reporter-output>
  <suite started-at="2026-01-20T14:56:08 MSK" name="Default suite" finished-at="2026-01-20T14:56:11 MSK" duration-ms="2476">
    <groups>
    </groups>
    <test started-at="2026-01-20T14:56:08 MSK" name="Default test" finished-at="2026-01-20T14:56:11 MSK" duration-ms="2476">
      <class name="com.example.ui.tests.EmployeeUiTest">
        <test-method is-config="true" signature="setUp()[pri:0, instance:com.example.ui.tests.EmployeeUiTest@131774fe]" started-at="2026-01-20T14:56:08 MSK" name="setUp" finished-at="2026-01-20T14:56:08 MSK" duration-ms="7" status="PASS">
          <reporter-output>
          </reporter-output>
        </test-method> <!-- setUp -->
        <test-method signature="testApplicationOpens()[pri:0, instance:com.example.ui.tests.EmployeeUiTest@131774fe]" started-at="2026-01-20T14:56:08 MSK" name="testApplicationOpens" finished-at="2026-01-20T14:56:10 MSK" duration-ms="1482" status="PASS">
          <reporter-output>
          </reporter-output>
        </test-method> <!-- testApplicationOpens -->
        <test-method signature="testCanCreateEmployeeViaUi()[pri:0, instance:com.example.ui.tests.EmployeeUiTest@131774fe]" started-at="2026-01-20T14:56:10 MSK" name="testCanCreateEmployeeViaUi" finished-at="2026-01-20T14:56:11 MSK" duration-ms="971" status="PASS">
          <reporter-output>
          </reporter-output>
        </test-method> <!-- testCanCreateEmployeeViaUi -->
      </class> <!-- com.example.ui.tests.EmployeeUiTest -->
    </test> <!-- Default test -->
  </suite> <!-- Default suite -->
</testng-results>
